C:\USERS\KORISNIK\DESKTOP\KMP\DEBUG\KMP.DLL
C:\Users\Korisnik\Desktop\kmp\Debug\kmp.exp
C:\USERS\KORISNIK\DESKTOP\KMP\DEBUG\KMP.ILK
C:\Users\Korisnik\Desktop\kmp\Debug\kmp.lib
C:\USERS\KORISNIK\DESKTOP\KMP\DEBUG\KMP.PDB
C:\Users\Korisnik\Desktop\KMP\kmp\Debug\cl.command.1.tlog
C:\Users\Korisnik\Desktop\KMP\kmp\Debug\CL.read.1.tlog
C:\Users\Korisnik\Desktop\KMP\kmp\Debug\CL.write.1.tlog
C:\USERS\KORISNIK\DESKTOP\KMP\KMP\DEBUG\KMP.DLL.EMBED.MANIFEST
C:\USERS\KORISNIK\DESKTOP\KMP\KMP\DEBUG\KMP.DLL.EMBED.MANIFEST.RES
C:\USERS\KORISNIK\DESKTOP\KMP\KMP\DEBUG\KMP.DLL.INTERMEDIATE.MANIFEST
C:\Users\Korisnik\Desktop\KMP\kmp\Debug\kmp.write.1.tlog
C:\Users\Korisnik\Desktop\KMP\kmp\Debug\kmp_manifest.rc
C:\USERS\KORISNIK\DESKTOP\KMP\KMP\DEBUG\KMPMAIN.OBJ
C:\Users\Korisnik\Desktop\KMP\kmp\Debug\link.5772.read.1.tlog
C:\Users\Korisnik\Desktop\KMP\kmp\Debug\link.5772.write.1.tlog
C:\Users\Korisnik\Desktop\KMP\kmp\Debug\link.5772-cvtres.read.1.tlog
C:\Users\Korisnik\Desktop\KMP\kmp\Debug\link.5772-cvtres.write.1.tlog
C:\Users\Korisnik\Desktop\KMP\kmp\Debug\link.6204.read.1.tlog
C:\Users\Korisnik\Desktop\KMP\kmp\Debug\link.6204.write.1.tlog
C:\Users\Korisnik\Desktop\KMP\kmp\Debug\link.6204-cvtres.read.1.tlog
C:\Users\Korisnik\Desktop\KMP\kmp\Debug\link.6204-cvtres.write.1.tlog
C:\Users\Korisnik\Desktop\KMP\kmp\Debug\link.6896.read.1.tlog
C:\Users\Korisnik\Desktop\KMP\kmp\Debug\link.6896.write.1.tlog
C:\Users\Korisnik\Desktop\KMP\kmp\Debug\link.6896-cvtres.read.1.tlog
C:\Users\Korisnik\Desktop\KMP\kmp\Debug\link.6896-cvtres.write.1.tlog
C:\Users\Korisnik\Desktop\KMP\kmp\Debug\link.7032.read.1.tlog
C:\Users\Korisnik\Desktop\KMP\kmp\Debug\link.7032.write.1.tlog
C:\Users\Korisnik\Desktop\KMP\kmp\Debug\link.7032-cvtres.read.1.tlog
C:\Users\Korisnik\Desktop\KMP\kmp\Debug\link.7032-cvtres.write.1.tlog
C:\Users\Korisnik\Desktop\KMP\kmp\Debug\link.command.1.tlog
C:\Users\Korisnik\Desktop\KMP\kmp\Debug\link.read.1.tlog
C:\Users\Korisnik\Desktop\KMP\kmp\Debug\link.write.1.tlog
C:\Users\Korisnik\Desktop\KMP\kmp\Debug\link-cvtres.read.1.tlog
C:\Users\Korisnik\Desktop\KMP\kmp\Debug\link-cvtres.write.1.tlog
C:\Users\Korisnik\Desktop\KMP\kmp\Debug\mt.command.1.tlog
C:\Users\Korisnik\Desktop\KMP\kmp\Debug\mt.read.1.tlog
C:\Users\Korisnik\Desktop\KMP\kmp\Debug\mt.write.1.tlog
C:\Users\Korisnik\Desktop\KMP\kmp\Debug\rc.command.1.tlog
C:\Users\Korisnik\Desktop\KMP\kmp\Debug\rc.read.1.tlog
C:\Users\Korisnik\Desktop\KMP\kmp\Debug\rc.write.1.tlog
C:\Users\Korisnik\Desktop\KMP\kmp\Debug\vc100.idb
C:\USERS\KORISNIK\DESKTOP\KMP\KMP\DEBUG\VC100.PDB
