Build started 23.5.2012 18:57:49.
     1>Project "D:\Dropbox\šola\fax\2. letnik\2.semester\Aplikacije računalniških algoritmov\huffman\huffman\huffman.vcxproj" on node 2 (build target(s)).
     1>C:\Program Files (x86)\MSBuild\Microsoft.Cpp\v4.0\Microsoft.CppBuild.targets(299,5): warning MSB8004: Output Directory does not end with a trailing slash.  This build instance will add the slash as it is required to allow proper evaluation of the Output Directory.
     1>InitializeBuildStatus:
         Creating "Debug\huffman.unsuccessfulbuild" because "AlwaysCreate" was specified.
       ClCompile:
         C:\Program Files (x86)\Microsoft Visual Studio 10.0\VC\bin\CL.exe /c /ZI /nologo /W3 /WX- /Od /Oy- /D WIN32 /D _DEBUG /D _WINDOWS /D _USRDLL /D HUFFMAN_EXPORTS /D _WINDLL /D _UNICODE /D UNICODE /Gm /EHsc /RTC1 /MDd /GS /fp:precise /Zc:wchar_t /Zc:forScope /Fo"Debug\\" /Fd"Debug\vc100.pdb" /Gd /TP /analyze- /errorReport:prompt huffman.cpp
         huffman.cpp
     1>d:\dropbox\šola\fax\2. letnik\2.semester\aplikacije računalniških algoritmov\huffman\huffman\huffman.h(259): warning C4018: '<' : signed/unsigned mismatch
     1>d:\dropbox\šola\fax\2. letnik\2.semester\aplikacije računalniških algoritmov\huffman\huffman\huffman.h(294): warning C4018: '<' : signed/unsigned mismatch
     1>d:\dropbox\šola\fax\2. letnik\2.semester\aplikacije računalniških algoritmov\huffman\huffman\huffman.h(482): warning C4018: '<' : signed/unsigned mismatch
       ManifestResourceCompile:
         All outputs are up-to-date.
       Link:
         C:\Program Files (x86)\Microsoft Visual Studio 10.0\VC\bin\link.exe /ERRORREPORT:PROMPT /OUT:"..\..\vaja6\vaja6\bin\Debug\huffman.dll" /INCREMENTAL /NOLOGO kernel32.lib user32.lib gdi32.lib winspool.lib comdlg32.lib advapi32.lib shell32.lib ole32.lib oleaut32.lib uuid.lib odbc32.lib odbccp32.lib /MANIFEST /ManifestFile:"Debug\huffman.dll.intermediate.manifest" /MANIFESTUAC:"level='asInvoker' uiAccess='false'" /DEBUG /PDB:"D:\Dropbox\šola\fax\2. letnik\2.semester\Aplikacije računalniških algoritmov\vaja6\vaja6\bin\Debug\huffman.pdb" /SUBSYSTEM:WINDOWS /TLBID:1 /DYNAMICBASE /NXCOMPAT /IMPLIB:"..\..\vaja6\vaja6\bin\Debug\huffman.lib" /MACHINE:X86 /DLL Debug\huffman.dll.embed.manifest.res
         Debug\huffman.obj
       Manifest:
         C:\Program Files (x86)\Microsoft SDKs\Windows\v7.0A\bin\mt.exe /nologo /verbose /out:"Debug\huffman.dll.embed.manifest" /manifest Debug\huffman.dll.intermediate.manifest
         All outputs are up-to-date.
       LinkEmbedManifest:
         All outputs are up-to-date.
         huffman.vcxproj -> D:\Dropbox\šola\fax\2. letnik\2.semester\Aplikacije računalniških algoritmov\huffman\huffman\..\..\vaja6\vaja6\bin\Debug\huffman.dll
       FinalizeBuildStatus:
         Deleting file "Debug\huffman.unsuccessfulbuild".
         Touching "Debug\huffman.lastbuildstate".
     1>Done Building Project "D:\Dropbox\šola\fax\2. letnik\2.semester\Aplikacije računalniških algoritmov\huffman\huffman\huffman.vcxproj" (build target(s)).

Build succeeded.

Time Elapsed 00:00:01.91
