Build started 7/12/2013 12:13:44 PM.
     1>Project "D:\FERI\ERASMUS 2. semester\ARA\HuffmanAdaptive\HuffmanAdaptive\HuffmanAdaptive.vcxproj" on node 2 (build target(s)).
     1>InitializeBuildStatus:
         Creating "Debug\HuffmanAdaptive.unsuccessfulbuild" because "AlwaysCreate" was specified.
       ClCompile:
         C:\Program Files\Microsoft Visual Studio 10.0\VC\bin\CL.exe /c /ZI /nologo /W3 /WX- /Od /Oy- /D WIN32 /D _DEBUG /D _CONSOLE /D _WINDLL /D _UNICODE /D UNICODE /Gm /EHsc /RTC1 /MDd /GS /fp:precise /Zc:wchar_t /Zc:forScope /Fo"Debug\\" /Fd"Debug\vc100.pdb" /Gd /TP /analyze- /errorReport:prompt HuffmanA.cpp
         HuffmanA.cpp
     1>d:\feri\erasmus 2. semester\ara\huffmanadaptive\huffmanadaptive\huffmana.cpp(96): warning C4800: 'int' : forcing value to bool 'true' or 'false' (performance warning)
     1>d:\feri\erasmus 2. semester\ara\huffmanadaptive\huffmanadaptive\huffmana.cpp(345): warning C4018: '<' : signed/unsigned mismatch
     1>d:\feri\erasmus 2. semester\ara\huffmanadaptive\huffmanadaptive\huffmana.cpp(398): warning C4996: 'itoa': The POSIX name for this item is deprecated. Instead, use the ISO C++ conformant name: _itoa. See online help for details.
                 c:\program files\microsoft visual studio 10.0\vc\include\stdlib.h(867) : see declaration of 'itoa'
     1>d:\feri\erasmus 2. semester\ara\huffmanadaptive\huffmanadaptive\huffmana.cpp(377): warning C4101: 'izhod' : unreferenced local variable
     1>d:\feri\erasmus 2. semester\ara\huffmanadaptive\huffmanadaptive\huffmana.cpp(422): warning C4800: 'int' : forcing value to bool 'true' or 'false' (performance warning)
     1>d:\feri\erasmus 2. semester\ara\huffmanadaptive\huffmanadaptive\huffmana.cpp(435): warning C4800: 'int' : forcing value to bool 'true' or 'false' (performance warning)
     1>d:\feri\erasmus 2. semester\ara\huffmanadaptive\huffmanadaptive\huffmana.cpp(468): warning C4996: 'itoa': The POSIX name for this item is deprecated. Instead, use the ISO C++ conformant name: _itoa. See online help for details.
                 c:\program files\microsoft visual studio 10.0\vc\include\stdlib.h(867) : see declaration of 'itoa'
     1>d:\feri\erasmus 2. semester\ara\huffmanadaptive\huffmanadaptive\huffmana.cpp(127): warning C4715: 'dodaj' : not all control paths return a value
     1>d:\feri\erasmus 2. semester\ara\huffmanadaptive\huffmanadaptive\huffmana.cpp(228): warning C4715: 'huf' : not all control paths return a value
     1>d:\feri\erasmus 2. semester\ara\huffmanadaptive\huffmanadaptive\huffmana.cpp(311): warning C4715: 'sredi' : not all control paths return a value
       ManifestResourceCompile:
         C:\Program Files\Microsoft SDKs\Windows\v7.0A\bin\rc.exe /nologo /fo"Debug\HuffmanAdaptive.dll.embed.manifest.res" Debug\HuffmanAdaptive_manifest.rc 
       Link:
         C:\Program Files\Microsoft Visual Studio 10.0\VC\bin\link.exe /ERRORREPORT:PROMPT /OUT:"D:\FERI\ERASMUS 2. semester\ARA\HuffmanAdaptive\Debug\HuffmanAdaptive.dll" /INCREMENTAL /NOLOGO kernel32.lib user32.lib gdi32.lib winspool.lib comdlg32.lib advapi32.lib shell32.lib ole32.lib oleaut32.lib uuid.lib odbc32.lib odbccp32.lib /MANIFEST /ManifestFile:"Debug\HuffmanAdaptive.dll.intermediate.manifest" /MANIFESTUAC:"level='asInvoker' uiAccess='false'" /DEBUG /PDB:"D:\FERI\ERASMUS 2. semester\ARA\HuffmanAdaptive\Debug\HuffmanAdaptive.pdb" /SUBSYSTEM:CONSOLE /TLBID:1 /DYNAMICBASE /NXCOMPAT /IMPLIB:"D:\FERI\ERASMUS 2. semester\ARA\HuffmanAdaptive\Debug\HuffmanAdaptive.lib" /MACHINE:X86 /DLL Debug\HuffmanAdaptive.dll.embed.manifest.res
         Debug\HuffmanA.obj
            Creating library D:\FERI\ERASMUS 2. semester\ARA\HuffmanAdaptive\Debug\HuffmanAdaptive.lib and object D:\FERI\ERASMUS 2. semester\ARA\HuffmanAdaptive\Debug\HuffmanAdaptive.exp
       Manifest:
         C:\Program Files\Microsoft SDKs\Windows\v7.0A\bin\mt.exe /nologo /verbose /out:"Debug\HuffmanAdaptive.dll.embed.manifest" /manifest Debug\HuffmanAdaptive.dll.intermediate.manifest
         All outputs are up-to-date.
       LinkEmbedManifest:
         All outputs are up-to-date.
         HuffmanAdaptive.vcxproj -> D:\FERI\ERASMUS 2. semester\ARA\HuffmanAdaptive\Debug\HuffmanAdaptive.dll
       FinalizeBuildStatus:
         Deleting file "Debug\HuffmanAdaptive.unsuccessfulbuild".
         Touching "Debug\HuffmanAdaptive.lastbuildstate".
     1>Done Building Project "D:\FERI\ERASMUS 2. semester\ARA\HuffmanAdaptive\HuffmanAdaptive\HuffmanAdaptive.vcxproj" (build target(s)).

Build succeeded.

Time Elapsed 00:00:06.15
