C:\USERS\KORISNIK\DESKTOP\HUFFMANADAPTIVE\DEBUG\HUFFMANADAPTIVE.DLL
C:\Users\Korisnik\Desktop\HuffmanAdaptive\Debug\HuffmanAdaptive.exp
C:\USERS\KORISNIK\DESKTOP\HUFFMANADAPTIVE\DEBUG\HUFFMANADAPTIVE.ILK
C:\Users\Korisnik\Desktop\HuffmanAdaptive\Debug\HuffmanAdaptive.lib
C:\USERS\KORISNIK\DESKTOP\HUFFMANADAPTIVE\DEBUG\HUFFMANADAPTIVE.PDB
C:\Users\Korisnik\Desktop\HuffmanAdaptive\HuffmanAdaptive\Debug\cl.command.1.tlog
C:\Users\Korisnik\Desktop\HuffmanAdaptive\HuffmanAdaptive\Debug\CL.read.1.tlog
C:\Users\Korisnik\Desktop\HuffmanAdaptive\HuffmanAdaptive\Debug\CL.write.1.tlog
C:\USERS\KORISNIK\DESKTOP\HUFFMANADAPTIVE\HUFFMANADAPTIVE\DEBUG\HUFFMANA.OBJ
C:\USERS\KORISNIK\DESKTOP\HUFFMANADAPTIVE\HUFFMANADAPTIVE\DEBUG\HUFFMANADAPTIVE.DLL.EMBED.MANIFEST
C:\USERS\KORISNIK\DESKTOP\HUFFMANADAPTIVE\HUFFMANADAPTIVE\DEBUG\HUFFMANADAPTIVE.DLL.EMBED.MANIFEST.RES
C:\USERS\KORISNIK\DESKTOP\HUFFMANADAPTIVE\HUFFMANADAPTIVE\DEBUG\HUFFMANADAPTIVE.DLL.INTERMEDIATE.MANIFEST
C:\Users\Korisnik\Desktop\HuffmanAdaptive\HuffmanAdaptive\Debug\HuffmanAdaptive.write.1.tlog
C:\Users\Korisnik\Desktop\HuffmanAdaptive\HuffmanAdaptive\Debug\HuffmanAdaptive_manifest.rc
C:\Users\Korisnik\Desktop\HuffmanAdaptive\HuffmanAdaptive\Debug\link.3352.read.1.tlog
C:\Users\Korisnik\Desktop\HuffmanAdaptive\HuffmanAdaptive\Debug\link.3352.write.1.tlog
C:\Users\Korisnik\Desktop\HuffmanAdaptive\HuffmanAdaptive\Debug\link.3352-cvtres.read.1.tlog
C:\Users\Korisnik\Desktop\HuffmanAdaptive\HuffmanAdaptive\Debug\link.3352-cvtres.write.1.tlog
C:\Users\Korisnik\Desktop\HuffmanAdaptive\HuffmanAdaptive\Debug\link.command.1.tlog
C:\Users\Korisnik\Desktop\HuffmanAdaptive\HuffmanAdaptive\Debug\link.read.1.tlog
C:\Users\Korisnik\Desktop\HuffmanAdaptive\HuffmanAdaptive\Debug\link.write.1.tlog
C:\Users\Korisnik\Desktop\HuffmanAdaptive\HuffmanAdaptive\Debug\link-cvtres.read.1.tlog
C:\Users\Korisnik\Desktop\HuffmanAdaptive\HuffmanAdaptive\Debug\link-cvtres.write.1.tlog
C:\Users\Korisnik\Desktop\HuffmanAdaptive\HuffmanAdaptive\Debug\mt.command.1.tlog
C:\Users\Korisnik\Desktop\HuffmanAdaptive\HuffmanAdaptive\Debug\mt.read.1.tlog
C:\Users\Korisnik\Desktop\HuffmanAdaptive\HuffmanAdaptive\Debug\mt.write.1.tlog
C:\Users\Korisnik\Desktop\HuffmanAdaptive\HuffmanAdaptive\Debug\rc.command.1.tlog
C:\Users\Korisnik\Desktop\HuffmanAdaptive\HuffmanAdaptive\Debug\rc.read.1.tlog
C:\Users\Korisnik\Desktop\HuffmanAdaptive\HuffmanAdaptive\Debug\rc.write.1.tlog
C:\Users\Korisnik\Desktop\HuffmanAdaptive\HuffmanAdaptive\Debug\vc100.idb
C:\USERS\KORISNIK\DESKTOP\HUFFMANADAPTIVE\HUFFMANADAPTIVE\DEBUG\VC100.PDB
