Build started 7.4.2012 16:29:59.
     1>Project "D:\Dropbox\šola\fax\2. letnik\2.semester\Aplikacije računalniških algoritmov\playfair\playfair\playfair.vcxproj" on node 2 (build target(s)).
     1>C:\Program Files (x86)\MSBuild\Microsoft.Cpp\v4.0\Microsoft.CppBuild.targets(299,5): warning MSB8004: Output Directory does not end with a trailing slash.  This build instance will add the slash as it is required to allow proper evaluation of the Output Directory.
     1>InitializeBuildStatus:
         Creating "Debug\playfair.unsuccessfulbuild" because "AlwaysCreate" was specified.
       ClCompile:
         C:\Program Files (x86)\Microsoft Visual Studio 10.0\VC\bin\CL.exe /c /ZI /nologo /W3 /WX- /Od /Oy- /D WIN32 /D _DEBUG /D _WINDOWS /D _USRDLL /D PLAYFAIR_EXPORTS /D _WINDLL /D _UNICODE /D UNICODE /Gm /EHsc /RTC1 /MDd /GS /fp:precise /Zc:wchar_t /Zc:forScope /Fo"Debug\\" /Fd"Debug\vc100.pdb" /Gd /TP /analyze- /errorReport:prompt playfair.cpp
         playfair.cpp
     1>d:\dropbox\šola\fax\2. letnik\2.semester\aplikacije računalniških algoritmov\playfair\playfair\playfair.h(89): warning C4018: '<' : signed/unsigned mismatch
     1>d:\dropbox\šola\fax\2. letnik\2.semester\aplikacije računalniških algoritmov\playfair\playfair\playfair.h(102): warning C4018: '<' : signed/unsigned mismatch
     1>d:\dropbox\šola\fax\2. letnik\2.semester\aplikacije računalniških algoritmov\playfair\playfair\playfair.h(190): warning C4018: '<' : signed/unsigned mismatch
       ManifestResourceCompile:
         All outputs are up-to-date.
       Link:
         C:\Program Files (x86)\Microsoft Visual Studio 10.0\VC\bin\link.exe /ERRORREPORT:PROMPT /OUT:"..\..\vaja4\vaja4\bin\Debug\playfair.dll" /INCREMENTAL /NOLOGO kernel32.lib user32.lib gdi32.lib winspool.lib comdlg32.lib advapi32.lib shell32.lib ole32.lib oleaut32.lib uuid.lib odbc32.lib odbccp32.lib /MANIFEST /ManifestFile:"Debug\playfair.dll.intermediate.manifest" /MANIFESTUAC:"level='asInvoker' uiAccess='false'" /DEBUG /PDB:"D:\Dropbox\šola\fax\2. letnik\2.semester\Aplikacije računalniških algoritmov\vaja4\vaja4\bin\Debug\playfair.pdb" /SUBSYSTEM:WINDOWS /TLBID:1 /DYNAMICBASE /NXCOMPAT /IMPLIB:"..\..\vaja4\vaja4\bin\Debug\playfair.lib" /MACHINE:X86 /DLL Debug\playfair.dll.embed.manifest.res
         Debug\playfair.obj
            Creating library ..\..\vaja4\vaja4\bin\Debug\playfair.lib and object ..\..\vaja4\vaja4\bin\Debug\playfair.exp
       Manifest:
         C:\Program Files (x86)\Microsoft SDKs\Windows\v7.0A\bin\mt.exe /nologo /verbose /out:"Debug\playfair.dll.embed.manifest" /manifest Debug\playfair.dll.intermediate.manifest
         All outputs are up-to-date.
       LinkEmbedManifest:
         All outputs are up-to-date.
         playfair.vcxproj -> D:\Dropbox\šola\fax\2. letnik\2.semester\Aplikacije računalniških algoritmov\playfair\playfair\..\..\vaja4\vaja4\bin\Debug\playfair.dll
       FinalizeBuildStatus:
         Deleting file "Debug\playfair.unsuccessfulbuild".
         Touching "Debug\playfair.lastbuildstate".
     1>Done Building Project "D:\Dropbox\šola\fax\2. letnik\2.semester\Aplikacije računalniških algoritmov\playfair\playfair\playfair.vcxproj" (build target(s)).

Build succeeded.

Time Elapsed 00:00:00.98
