Build started 5/10/2013 4:55:08 PM.
     1>Project "D:\FERI\ERASMUS 2. semester\ARA\CountingSort\CountingSort\CountingSort.vcxproj" on node 2 (build target(s)).
     1>InitializeBuildStatus:
         Creating "Debug\CountingSort.unsuccessfulbuild" because "AlwaysCreate" was specified.
       ClCompile:
         C:\Program Files\Microsoft Visual Studio 10.0\VC\bin\CL.exe /c /ZI /nologo /W3 /WX- /Od /Oy- /D WIN32 /D _DEBUG /D _WINDOWS /D _USRDLL /D COUNTINGSORT_EXPORTS /D _WINDLL /D _UNICODE /D UNICODE /Gm /EHsc /RTC1 /MDd /GS /fp:precise /Zc:wchar_t /Zc:forScope /Fo"Debug\\" /Fd"Debug\vc100.pdb" /Gd /TP /analyze- /errorReport:prompt Sort.cpp
         Sort.cpp
     1>d:\feri\erasmus 2. semester\ara\countingsort\countingsort\sort.cpp(14): warning C4996: 'strncpy': This function or variable may be unsafe. Consider using strncpy_s instead. To disable deprecation, use _CRT_SECURE_NO_WARNINGS. See online help for details.
                 c:\program files\microsoft visual studio 10.0\vc\include\string.h(188) : see declaration of 'strncpy'
     1>d:\feri\erasmus 2. semester\ara\countingsort\countingsort\sort.cpp(16): warning C4996: 'strncpy': This function or variable may be unsafe. Consider using strncpy_s instead. To disable deprecation, use _CRT_SECURE_NO_WARNINGS. See online help for details.
                 c:\program files\microsoft visual studio 10.0\vc\include\string.h(188) : see declaration of 'strncpy'
       ManifestResourceCompile:
         All outputs are up-to-date.
       Link:
         C:\Program Files\Microsoft Visual Studio 10.0\VC\bin\link.exe /ERRORREPORT:PROMPT /OUT:"D:\FERI\ERASMUS 2. semester\ARA\CountingSort\Debug\CountingSort.dll" /INCREMENTAL /NOLOGO kernel32.lib user32.lib gdi32.lib winspool.lib comdlg32.lib advapi32.lib shell32.lib ole32.lib oleaut32.lib uuid.lib odbc32.lib odbccp32.lib /MANIFEST /ManifestFile:"Debug\CountingSort.dll.intermediate.manifest" /MANIFESTUAC:"level='asInvoker' uiAccess='false'" /DEBUG /PDB:"D:\FERI\ERASMUS 2. semester\ARA\CountingSort\Debug\CountingSort.pdb" /SUBSYSTEM:WINDOWS /TLBID:1 /DYNAMICBASE /NXCOMPAT /IMPLIB:"D:\FERI\ERASMUS 2. semester\ARA\CountingSort\Debug\CountingSort.lib" /MACHINE:X86 /DLL Debug\CountingSort.dll.embed.manifest.res
         Debug\Sort.obj
       Manifest:
         C:\Program Files\Microsoft SDKs\Windows\v7.0A\bin\mt.exe /nologo /verbose /out:"Debug\CountingSort.dll.embed.manifest" /manifest Debug\CountingSort.dll.intermediate.manifest
         All outputs are up-to-date.
       LinkEmbedManifest:
         All outputs are up-to-date.
         CountingSort.vcxproj -> D:\FERI\ERASMUS 2. semester\ARA\CountingSort\Debug\CountingSort.dll
       FinalizeBuildStatus:
         Deleting file "Debug\CountingSort.unsuccessfulbuild".
         Touching "Debug\CountingSort.lastbuildstate".
     1>Done Building Project "D:\FERI\ERASMUS 2. semester\ARA\CountingSort\CountingSort\CountingSort.vcxproj" (build target(s)).

Build succeeded.

Time Elapsed 00:00:01.79
