C:\USERS\KORISNIK\DESKTOP\COUNTINGSORT\COUNTINGSORT\DEBUG\COUNTINGSORT.DLL.EMBED.MANIFEST
C:\USERS\KORISNIK\DESKTOP\COUNTINGSORT\COUNTINGSORT\DEBUG\COUNTINGSORT.DLL.EMBED.MANIFEST.RES
C:\USERS\KORISNIK\DESKTOP\COUNTINGSORT\COUNTINGSORT\DEBUG\COUNTINGSORT.DLL.INTERMEDIATE.MANIFEST
C:\USERS\KORISNIK\DESKTOP\COUNTINGSORT\COUNTINGSORT\DEBUG\SORT.OBJ
C:\USERS\KORISNIK\DESKTOP\COUNTINGSORT\COUNTINGSORT\DEBUG\VC100.PDB
C:\USERS\KORISNIK\DESKTOP\COUNTINGSORT\DEBUG\COUNTINGSORT.DLL
C:\Users\Korisnik\Desktop\CountingSort\Debug\CountingSort.exp
C:\USERS\KORISNIK\DESKTOP\COUNTINGSORT\DEBUG\COUNTINGSORT.ILK
C:\Users\Korisnik\Desktop\CountingSort\Debug\CountingSort.lib
C:\USERS\KORISNIK\DESKTOP\COUNTINGSORT\DEBUG\COUNTINGSORT.PDB
C:\USERS\KORISNIK\DESKTOP\MARIJA\COUNTINGSORT\COUNTINGSORT\DEBUG\COUNTINGSORT.DLL.EMBED.MANIFEST.RES
C:\USERS\KORISNIK\DESKTOP\MARIJA\COUNTINGSORT\COUNTINGSORT\DEBUG\COUNTINGSORT.DLL.INTERMEDIATE.MANIFEST
C:\USERS\KORISNIK\DESKTOP\MARIJA\COUNTINGSORT\COUNTINGSORT\DEBUG\SORT.OBJ
C:\USERS\KORISNIK\DESKTOP\MARIJA\COUNTINGSORT\COUNTINGSORT\DEBUG\VC100.PDB
C:\USERS\KORISNIK\DESKTOP\MARIJA\COUNTINGSORT\DEBUG\COUNTINGSORT.DLL
C:\Users\Korisnik\Desktop\Marija\CountingSort\Debug\CountingSort.exp
C:\USERS\KORISNIK\DESKTOP\MARIJA\COUNTINGSORT\DEBUG\COUNTINGSORT.ILK
C:\Users\Korisnik\Desktop\Marija\CountingSort\Debug\CountingSort.lib
C:\USERS\KORISNIK\DESKTOP\MARIJA\COUNTINGSORT\DEBUG\COUNTINGSORT.PDB
D:\FERI\ERASMUS 2. semester\ARA\CountingSort\CountingSort\Debug\cl.command.1.tlog
D:\FERI\ERASMUS 2. semester\ARA\CountingSort\CountingSort\Debug\CL.read.1.tlog
D:\FERI\ERASMUS 2. semester\ARA\CountingSort\CountingSort\Debug\CL.write.1.tlog
D:\FERI\ERASMUS 2. semester\ARA\CountingSort\CountingSort\Debug\CountingSort.dll.embed.manifest
D:\FERI\ERASMUS 2. SEMESTER\ARA\COUNTINGSORT\COUNTINGSORT\DEBUG\COUNTINGSORT.DLL.EMBED.MANIFEST.RES
D:\FERI\ERASMUS 2. SEMESTER\ARA\COUNTINGSORT\COUNTINGSORT\DEBUG\COUNTINGSORT.DLL.INTERMEDIATE.MANIFEST
D:\FERI\ERASMUS 2. semester\ARA\CountingSort\CountingSort\Debug\CountingSort.write.1.tlog
D:\FERI\ERASMUS 2. semester\ARA\CountingSort\CountingSort\Debug\CountingSort_manifest.rc
D:\FERI\ERASMUS 2. semester\ARA\CountingSort\CountingSort\Debug\link.3704.read.1.tlog
D:\FERI\ERASMUS 2. semester\ARA\CountingSort\CountingSort\Debug\link.3704.write.1.tlog
D:\FERI\ERASMUS 2. semester\ARA\CountingSort\CountingSort\Debug\link.3704-cvtres.read.1.tlog
D:\FERI\ERASMUS 2. semester\ARA\CountingSort\CountingSort\Debug\link.3704-cvtres.write.1.tlog
D:\FERI\ERASMUS 2. semester\ARA\CountingSort\CountingSort\Debug\link.4520.read.1.tlog
D:\FERI\ERASMUS 2. semester\ARA\CountingSort\CountingSort\Debug\link.4520.write.1.tlog
D:\FERI\ERASMUS 2. semester\ARA\CountingSort\CountingSort\Debug\link.4520-cvtres.read.1.tlog
D:\FERI\ERASMUS 2. semester\ARA\CountingSort\CountingSort\Debug\link.4520-cvtres.write.1.tlog
D:\FERI\ERASMUS 2. semester\ARA\CountingSort\CountingSort\Debug\link.4956.read.1.tlog
D:\FERI\ERASMUS 2. semester\ARA\CountingSort\CountingSort\Debug\link.4956.write.1.tlog
D:\FERI\ERASMUS 2. semester\ARA\CountingSort\CountingSort\Debug\link.4956-cvtres.read.1.tlog
D:\FERI\ERASMUS 2. semester\ARA\CountingSort\CountingSort\Debug\link.4956-cvtres.write.1.tlog
D:\FERI\ERASMUS 2. semester\ARA\CountingSort\CountingSort\Debug\link.5348.read.1.tlog
D:\FERI\ERASMUS 2. semester\ARA\CountingSort\CountingSort\Debug\link.5348.write.1.tlog
D:\FERI\ERASMUS 2. semester\ARA\CountingSort\CountingSort\Debug\link.5348-cvtres.read.1.tlog
D:\FERI\ERASMUS 2. semester\ARA\CountingSort\CountingSort\Debug\link.5348-cvtres.write.1.tlog
D:\FERI\ERASMUS 2. semester\ARA\CountingSort\CountingSort\Debug\link.5756.read.1.tlog
D:\FERI\ERASMUS 2. semester\ARA\CountingSort\CountingSort\Debug\link.5756.write.1.tlog
D:\FERI\ERASMUS 2. semester\ARA\CountingSort\CountingSort\Debug\link.5756-cvtres.read.1.tlog
D:\FERI\ERASMUS 2. semester\ARA\CountingSort\CountingSort\Debug\link.5756-cvtres.write.1.tlog
D:\FERI\ERASMUS 2. semester\ARA\CountingSort\CountingSort\Debug\link.command.1.tlog
D:\FERI\ERASMUS 2. semester\ARA\CountingSort\CountingSort\Debug\link.read.1.tlog
D:\FERI\ERASMUS 2. semester\ARA\CountingSort\CountingSort\Debug\link.write.1.tlog
D:\FERI\ERASMUS 2. semester\ARA\CountingSort\CountingSort\Debug\link-cvtres.read.1.tlog
D:\FERI\ERASMUS 2. semester\ARA\CountingSort\CountingSort\Debug\link-cvtres.write.1.tlog
D:\FERI\ERASMUS 2. semester\ARA\CountingSort\CountingSort\Debug\mt.command.1.tlog
D:\FERI\ERASMUS 2. semester\ARA\CountingSort\CountingSort\Debug\mt.read.1.tlog
D:\FERI\ERASMUS 2. semester\ARA\CountingSort\CountingSort\Debug\mt.write.1.tlog
D:\FERI\ERASMUS 2. semester\ARA\CountingSort\CountingSort\Debug\rc.command.1.tlog
D:\FERI\ERASMUS 2. semester\ARA\CountingSort\CountingSort\Debug\rc.read.1.tlog
D:\FERI\ERASMUS 2. semester\ARA\CountingSort\CountingSort\Debug\rc.write.1.tlog
D:\FERI\ERASMUS 2. SEMESTER\ARA\COUNTINGSORT\COUNTINGSORT\DEBUG\SORT.OBJ
D:\FERI\ERASMUS 2. semester\ARA\CountingSort\CountingSort\Debug\vc100.idb
D:\FERI\ERASMUS 2. SEMESTER\ARA\COUNTINGSORT\COUNTINGSORT\DEBUG\VC100.PDB
D:\FERI\ERASMUS 2. SEMESTER\ARA\COUNTINGSORT\DEBUG\COUNTINGSORT.DLL
D:\FERI\ERASMUS 2. semester\ARA\CountingSort\Debug\CountingSort.exp
D:\FERI\ERASMUS 2. SEMESTER\ARA\COUNTINGSORT\DEBUG\COUNTINGSORT.ILK
D:\FERI\ERASMUS 2. semester\ARA\CountingSort\Debug\CountingSort.lib
D:\FERI\ERASMUS 2. SEMESTER\ARA\COUNTINGSORT\DEBUG\COUNTINGSORT.PDB
