Build started 5/9/2013 10:46:12 AM.
     1>Project "C:\Users\Korisnik\Desktop\ADFGX\cADFGX\cADFGX.vcxproj" on node 2 (build target(s)).
     1>InitializeBuildStatus:
         Creating "Debug\cADFGX.unsuccessfulbuild" because "AlwaysCreate" was specified.
       ClCompile:
         C:\Program Files\Microsoft Visual Studio 10.0\VC\bin\CL.exe /c /ZI /nologo /W3 /WX- /Od /Oy- /D WIN32 /D _DEBUG /D _WINDOWS /D _USRDLL /D CADFGX_EXPORTS /D _WINDLL /D _UNICODE /D UNICODE /Gm /EHsc /RTC1 /MDd /GS /fp:precise /Zc:wchar_t /Zc:forScope /Fo"Debug\\" /Fd"Debug\vc100.pdb" /Gd /TP /analyze- /errorReport:prompt ADFGX.cpp
         ADFGX.cpp
     1>c:\users\korisnik\desktop\adfgx\cadfgx\adfgx.cpp(98): warning C4018: '>' : signed/unsigned mismatch
     1>c:\users\korisnik\desktop\adfgx\cadfgx\adfgx.cpp(122): warning C4700: uninitialized local variable 'i' used
       ManifestResourceCompile:
         All outputs are up-to-date.
       Link:
         C:\Program Files\Microsoft Visual Studio 10.0\VC\bin\link.exe /ERRORREPORT:PROMPT /OUT:"C:\Users\Korisnik\Desktop\ADFGX\Debug\cADFGX.dll" /INCREMENTAL /NOLOGO kernel32.lib user32.lib gdi32.lib winspool.lib comdlg32.lib advapi32.lib shell32.lib ole32.lib oleaut32.lib uuid.lib odbc32.lib odbccp32.lib /MANIFEST /ManifestFile:"Debug\cADFGX.dll.intermediate.manifest" /MANIFESTUAC:"level='asInvoker' uiAccess='false'" /DEBUG /PDB:"C:\Users\Korisnik\Desktop\ADFGX\Debug\cADFGX.pdb" /SUBSYSTEM:WINDOWS /TLBID:1 /DYNAMICBASE /NXCOMPAT /IMPLIB:"C:\Users\Korisnik\Desktop\ADFGX\Debug\cADFGX.lib" /MACHINE:X86 /DLL Debug\cADFGX.dll.embed.manifest.res
         Debug\ADFGX.obj
       Manifest:
         C:\Program Files\Microsoft SDKs\Windows\v7.0A\bin\mt.exe /nologo /verbose /out:"Debug\cADFGX.dll.embed.manifest" /manifest Debug\cADFGX.dll.intermediate.manifest
         All outputs are up-to-date.
       LinkEmbedManifest:
         All outputs are up-to-date.
         cADFGX.vcxproj -> C:\Users\Korisnik\Desktop\ADFGX\Debug\cADFGX.dll
       FinalizeBuildStatus:
         Deleting file "Debug\cADFGX.unsuccessfulbuild".
         Touching "Debug\cADFGX.lastbuildstate".
     1>Done Building Project "C:\Users\Korisnik\Desktop\ADFGX\cADFGX\cADFGX.vcxproj" (build target(s)).

Build succeeded.

Time Elapsed 00:00:02.06
